20/07/19 22:44:06 WARN NativeCodeLoader: Unable to load native-hadoop library for your platform... using builtin-java classes where applicable
20/07/19 22:44:08 INFO SparkContext: Running Spark version 2.4.3
20/07/19 22:44:08 WARN SparkConf: Note that spark.local.dir will be overridden by the value set by the cluster manager (via SPARK_LOCAL_DIRS in mesos/standalone/kubernetes and LOCAL_DIRS in YARN).
20/07/19 22:44:08 INFO SparkContext: Submitted application: sparklyr
20/07/19 22:44:08 INFO SecurityManager: Changing view acls to: ALVARO
20/07/19 22:44:08 INFO SecurityManager: Changing modify acls to: ALVARO
20/07/19 22:44:08 INFO SecurityManager: Changing view acls groups to: 
20/07/19 22:44:08 INFO SecurityManager: Changing modify acls groups to: 
20/07/19 22:44:08 INFO SecurityManager: SecurityManager: authentication disabled; ui acls disabled; users  with view permissions: Set(ALVARO); groups with view permissions: Set(); users  with modify permissions: Set(ALVARO); groups with modify permissions: Set()
20/07/19 22:44:08 INFO Utils: Successfully started service 'sparkDriver' on port 54257.
20/07/19 22:44:08 INFO SparkEnv: Registering MapOutputTracker
20/07/19 22:44:08 INFO SparkEnv: Registering BlockManagerMaster
20/07/19 22:44:08 INFO BlockManagerMasterEndpoint: Using org.apache.spark.storage.DefaultTopologyMapper for getting topology information
20/07/19 22:44:08 INFO BlockManagerMasterEndpoint: BlockManagerMasterEndpoint up
20/07/19 22:44:08 INFO DiskBlockManager: Created local directory at C:\Users\ALVARO\AppData\Local\spark\spark-2.4.3-bin-hadoop2.7\tmp\local\blockmgr-a8b17262-07f0-40b9-a911-5b3642d91967
20/07/19 22:44:08 INFO MemoryStore: MemoryStore started with capacity 1458.6 MB
20/07/19 22:44:08 INFO SparkEnv: Registering OutputCommitCoordinator
20/07/19 22:44:08 WARN Utils: The configured local directories are not expected to be URIs; however, got suspicious values [C:/Users/ALVARO/AppData/Local/spark/spark-2.4.3-bin-hadoop2.7/tmp/local]. Please check your configured local directories.
20/07/19 22:44:08 INFO Utils: Successfully started service 'SparkUI' on port 4040.
20/07/19 22:44:08 INFO SparkUI: Bound SparkUI to 127.0.0.1, and started at http://127.0.0.1:4040
20/07/19 22:44:08 INFO SparkContext: Added JAR file:/C:/Users/ALVARO/Documents/R/win-library/4.0/sparklyr/java/sparklyr-2.4-2.11.jar at spark://127.0.0.1:54257/jars/sparklyr-2.4-2.11.jar with timestamp 1595213048811
20/07/19 22:44:08 INFO Executor: Starting executor ID driver on host localhost
20/07/19 22:44:08 INFO Utils: Successfully started service 'org.apache.spark.network.netty.NettyBlockTransferService' on port 54278.
20/07/19 22:44:08 INFO NettyBlockTransferService: Server created on 127.0.0.1:54278
20/07/19 22:44:08 INFO BlockManager: Using org.apache.spark.storage.RandomBlockReplicationPolicy for block replication policy
20/07/19 22:44:09 INFO BlockManagerMaster: Registering BlockManager BlockManagerId(driver, 127.0.0.1, 54278, None)
20/07/19 22:44:09 INFO BlockManagerMasterEndpoint: Registering block manager 127.0.0.1:54278 with 1458.6 MB RAM, BlockManagerId(driver, 127.0.0.1, 54278, None)
20/07/19 22:44:09 INFO BlockManagerMaster: Registered BlockManager BlockManagerId(driver, 127.0.0.1, 54278, None)
20/07/19 22:44:09 INFO BlockManager: Initialized BlockManager: BlockManagerId(driver, 127.0.0.1, 54278, None)
20/07/19 22:44:09 INFO SharedState: loading hive config file: file:/C:/Users/ALVARO/AppData/Local/spark/spark-2.4.3-bin-hadoop2.7/conf/hive-site.xml
20/07/19 22:44:09 INFO SharedState: Setting hive.metastore.warehouse.dir ('C:/Users/ALVARO/AppData/Local/spark/spark-2.4.3-bin-hadoop2.7/tmp/hive') to the value of spark.sql.warehouse.dir ('C:/Users/ALVARO/AppData/Local/spark/spark-2.4.3-bin-hadoop2.7/tmp/hive').
20/07/19 22:44:09 INFO SharedState: Warehouse path is 'C:/Users/ALVARO/AppData/Local/spark/spark-2.4.3-bin-hadoop2.7/tmp/hive'.
20/07/19 22:44:10 INFO StateStoreCoordinatorRef: Registered StateStoreCoordinator endpoint
20/07/19 22:44:12 INFO HiveUtils: Initializing HiveMetastoreConnection version 1.2.1 using Spark classes.
20/07/19 22:44:13 INFO HiveMetaStore: 0: Opening raw store with implemenation class:org.apache.hadoop.hive.metastore.ObjectStore
20/07/19 22:44:13 INFO ObjectStore: ObjectStore, initialize called
20/07/19 22:44:13 INFO Persistence: Propiedad hive.metastore.integral.jdo.pushdown desconocida - vamos a ignorarla
20/07/19 22:44:13 INFO Persistence: Propiedad datanucleus.cache.level2 desconocida - vamos a ignorarla
20/07/19 22:44:15 INFO ObjectStore: Setting MetaStore object pin classes with hive.metastore.cache.pinobjtypes="Table,StorageDescriptor,SerDeInfo,Partition,Database,Type,FieldSchema,Order"
20/07/19 22:44:16 INFO Datastore: La clase "org.apache.hadoop.hive.metastore.model.MFieldSchema" es "embedded-only" asi que no tiene su propia tabla.
20/07/19 22:44:16 INFO Datastore: La clase "org.apache.hadoop.hive.metastore.model.MOrder" es "embedded-only" asi que no tiene su propia tabla.
20/07/19 22:44:17 INFO Datastore: La clase "org.apache.hadoop.hive.metastore.model.MFieldSchema" es "embedded-only" asi que no tiene su propia tabla.
20/07/19 22:44:17 INFO Datastore: La clase "org.apache.hadoop.hive.metastore.model.MOrder" es "embedded-only" asi que no tiene su propia tabla.
20/07/19 22:44:17 INFO MetaStoreDirectSql: Using direct SQL, underlying DB is DERBY
20/07/19 22:44:17 INFO ObjectStore: Initialized ObjectStore
20/07/19 22:44:17 WARN ObjectStore: Version information not found in metastore. hive.metastore.schema.verification is not enabled so recording the schema version 1.2.0
20/07/19 22:44:17 WARN ObjectStore: Failed to get database default, returning NoSuchObjectException
20/07/19 22:44:17 INFO HiveMetaStore: Added admin role in metastore
20/07/19 22:44:17 INFO HiveMetaStore: Added public role in metastore
20/07/19 22:44:17 INFO HiveMetaStore: No user is added in admin role, since config is empty
20/07/19 22:44:17 INFO HiveMetaStore: 0: get_all_databases
20/07/19 22:44:17 INFO audit: ugi=ALVARO	ip=unknown-ip-addr	cmd=get_all_databases	
20/07/19 22:44:17 INFO HiveMetaStore: 0: get_functions: db=default pat=*
20/07/19 22:44:17 INFO audit: ugi=ALVARO	ip=unknown-ip-addr	cmd=get_functions: db=default pat=*	
20/07/19 22:44:17 INFO Datastore: La clase "org.apache.hadoop.hive.metastore.model.MResourceUri" es "embedded-only" asi que no tiene su propia tabla.
20/07/19 22:44:17 INFO SessionState: Created local directory: C:/Users/ALVARO/AppData/Local/Temp/829174a8-fd89-4739-870c-c07bf6205826_resources
20/07/19 22:44:18 INFO SessionState: Created HDFS directory: C:/Users/ALVARO/AppData/Local/spark/spark-2.4.3-bin-hadoop2.7/tmp/hive/ALVARO/829174a8-fd89-4739-870c-c07bf6205826
20/07/19 22:44:18 INFO SessionState: Created local directory: C:/Users/ALVARO/AppData/Local/spark/spark-2.4.3-bin-hadoop2.7/tmp/hive/829174a8-fd89-4739-870c-c07bf6205826
20/07/19 22:44:18 INFO SessionState: Created HDFS directory: C:/Users/ALVARO/AppData/Local/spark/spark-2.4.3-bin-hadoop2.7/tmp/hive/ALVARO/829174a8-fd89-4739-870c-c07bf6205826/_tmp_space.db
20/07/19 22:44:18 INFO HiveClientImpl: Warehouse location for Hive client (version 1.2.2) is C:/Users/ALVARO/AppData/Local/spark/spark-2.4.3-bin-hadoop2.7/tmp/hive
20/07/19 22:44:18 INFO HiveMetaStore: 0: get_database: default
20/07/19 22:44:18 INFO audit: ugi=ALVARO	ip=unknown-ip-addr	cmd=get_database: default	
20/07/19 22:44:18 INFO HiveMetaStore: 0: get_database: global_temp
20/07/19 22:44:18 INFO audit: ugi=ALVARO	ip=unknown-ip-addr	cmd=get_database: global_temp	
20/07/19 22:44:18 WARN ObjectStore: Failed to get database global_temp, returning NoSuchObjectException
20/07/19 22:44:18 INFO HiveMetaStore: 0: get_database: default
20/07/19 22:44:18 INFO audit: ugi=ALVARO	ip=unknown-ip-addr	cmd=get_database: default	
20/07/19 22:44:18 INFO HiveMetaStore: 0: get_database: default
20/07/19 22:44:18 INFO audit: ugi=ALVARO	ip=unknown-ip-addr	cmd=get_database: default	
20/07/19 22:44:18 INFO HiveMetaStore: 0: get_tables: db=default pat=*
20/07/19 22:44:18 INFO audit: ugi=ALVARO	ip=unknown-ip-addr	cmd=get_tables: db=default pat=*	
20/07/19 22:44:19 INFO SparkContext: Starting job: collect at utils.scala:43
20/07/19 22:44:19 INFO DAGScheduler: Got job 0 (collect at utils.scala:43) with 1 output partitions
20/07/19 22:44:19 INFO DAGScheduler: Final stage: ResultStage 0 (collect at utils.scala:43)
20/07/19 22:44:19 INFO DAGScheduler: Parents of final stage: List()
20/07/19 22:44:19 INFO DAGScheduler: Missing parents: List()
20/07/19 22:44:19 INFO DAGScheduler: Submitting ResultStage 0 (MapPartitionsRDD[4] at map at utils.scala:40), which has no missing parents
20/07/19 22:44:19 INFO MemoryStore: Block broadcast_0 stored as values in memory (estimated size 6.0 KB, free 1458.6 MB)
20/07/19 22:44:19 INFO MemoryStore: Block broadcast_0_piece0 stored as bytes in memory (estimated size 3.4 KB, free 1458.6 MB)
20/07/19 22:44:19 INFO BlockManagerInfo: Added broadcast_0_piece0 in memory on 127.0.0.1:54278 (size: 3.4 KB, free: 1458.6 MB)
20/07/19 22:44:19 INFO SparkContext: Created broadcast 0 from broadcast at DAGScheduler.scala:1161
20/07/19 22:44:19 INFO DAGScheduler: Submitting 1 missing tasks from ResultStage 0 (MapPartitionsRDD[4] at map at utils.scala:40) (first 15 tasks are for partitions Vector(0))
20/07/19 22:44:19 INFO TaskSchedulerImpl: Adding task set 0.0 with 1 tasks
20/07/19 22:44:19 INFO TaskSetManager: Starting task 0.0 in stage 0.0 (TID 0, localhost, executor driver, partition 0, PROCESS_LOCAL, 7893 bytes)
20/07/19 22:44:19 INFO Executor: Running task 0.0 in stage 0.0 (TID 0)
20/07/19 22:44:19 INFO Executor: Fetching spark://127.0.0.1:54257/jars/sparklyr-2.4-2.11.jar with timestamp 1595213048811
20/07/19 22:44:19 INFO TransportClientFactory: Successfully created connection to /127.0.0.1:54257 after 32 ms (0 ms spent in bootstraps)
20/07/19 22:44:19 INFO Utils: Fetching spark://127.0.0.1:54257/jars/sparklyr-2.4-2.11.jar to C:\Users\ALVARO\AppData\Local\spark\spark-2.4.3-bin-hadoop2.7\tmp\local\spark-2d336410-dc1f-4671-afb7-44d082c50c2d\userFiles-27b29fa1-3c53-4035-9a2a-d576d77347e2\fetchFileTemp5537966712419568498.tmp
20/07/19 22:44:19 INFO Executor: Adding file:/C:/Users/ALVARO/AppData/Local/spark/spark-2.4.3-bin-hadoop2.7/tmp/local/spark-2d336410-dc1f-4671-afb7-44d082c50c2d/userFiles-27b29fa1-3c53-4035-9a2a-d576d77347e2/sparklyr-2.4-2.11.jar to class loader
20/07/19 22:44:20 INFO CodeGenerator: Code generated in 281.8546 ms
20/07/19 22:44:20 INFO Executor: Finished task 0.0 in stage 0.0 (TID 0). 970 bytes result sent to driver
20/07/19 22:44:20 INFO TaskSetManager: Finished task 0.0 in stage 0.0 (TID 0) in 965 ms on localhost (executor driver) (1/1)
20/07/19 22:44:20 INFO TaskSchedulerImpl: Removed TaskSet 0.0, whose tasks have all completed, from pool 
20/07/19 22:44:20 INFO DAGScheduler: ResultStage 0 (collect at utils.scala:43) finished in 1,242 s
20/07/19 22:44:20 INFO DAGScheduler: Job 0 finished: collect at utils.scala:43, took 1,316533 s
20/07/19 22:44:20 INFO ContextCleaner: Cleaned accumulator 8
20/07/19 22:44:20 INFO BlockManagerInfo: Removed broadcast_0_piece0 on 127.0.0.1:54278 in memory (size: 3.4 KB, free: 1458.6 MB)
20/07/19 22:44:20 INFO ContextCleaner: Cleaned accumulator 22
20/07/19 22:44:20 INFO ContextCleaner: Cleaned accumulator 16
20/07/19 22:44:20 INFO ContextCleaner: Cleaned accumulator 10
20/07/19 22:44:20 INFO ContextCleaner: Cleaned accumulator 6
20/07/19 22:44:20 INFO ContextCleaner: Cleaned accumulator 7
20/07/19 22:44:20 INFO ContextCleaner: Cleaned accumulator 17
20/07/19 22:44:20 INFO ContextCleaner: Cleaned accumulator 2
20/07/19 22:44:20 INFO ContextCleaner: Cleaned accumulator 12
20/07/19 22:44:20 INFO ContextCleaner: Cleaned accumulator 3
20/07/19 22:44:20 INFO ContextCleaner: Cleaned accumulator 19
20/07/19 22:44:20 INFO ContextCleaner: Cleaned accumulator 4
20/07/19 22:44:20 INFO ContextCleaner: Cleaned accumulator 14
20/07/19 22:44:20 INFO ContextCleaner: Cleaned accumulator 21
20/07/19 22:44:20 INFO ContextCleaner: Cleaned accumulator 18
20/07/19 22:44:20 INFO ContextCleaner: Cleaned accumulator 23
20/07/19 22:44:20 INFO ContextCleaner: Cleaned accumulator 1
20/07/19 22:44:20 INFO ContextCleaner: Cleaned accumulator 0
20/07/19 22:44:20 INFO ContextCleaner: Cleaned accumulator 15
20/07/19 22:44:20 INFO ContextCleaner: Cleaned accumulator 24
20/07/19 22:44:20 INFO ContextCleaner: Cleaned accumulator 9
20/07/19 22:44:20 INFO ContextCleaner: Cleaned accumulator 13
20/07/19 22:44:20 INFO ContextCleaner: Cleaned accumulator 25
20/07/19 22:44:20 INFO ContextCleaner: Cleaned accumulator 20
20/07/19 22:44:20 INFO ContextCleaner: Cleaned accumulator 11
20/07/19 22:44:20 INFO ContextCleaner: Cleaned accumulator 5
20/07/19 22:44:21 INFO FileSourceStrategy: Pruning directories with: 
20/07/19 22:44:21 INFO FileSourceStrategy: Post-Scan Filters: (length(trim(value#8, None)) > 0)
20/07/19 22:44:21 INFO FileSourceStrategy: Output Data Schema: struct<value: string>
20/07/19 22:44:21 INFO FileSourceScanExec: Pushed Filters: 
20/07/19 22:44:21 INFO CodeGenerator: Code generated in 10.311 ms
20/07/19 22:44:21 INFO CodeGenerator: Code generated in 20.6124 ms
20/07/19 22:44:21 INFO MemoryStore: Block broadcast_1 stored as values in memory (estimated size 286.0 KB, free 1458.3 MB)
20/07/19 22:44:21 INFO MemoryStore: Block broadcast_1_piece0 stored as bytes in memory (estimated size 24.2 KB, free 1458.3 MB)
20/07/19 22:44:21 INFO BlockManagerInfo: Added broadcast_1_piece0 in memory on 127.0.0.1:54278 (size: 24.2 KB, free: 1458.6 MB)
20/07/19 22:44:21 INFO SparkContext: Created broadcast 1 from csv at <unknown>:0
20/07/19 22:44:21 INFO FileSourceScanExec: Planning scan with bin packing, max size: 4194304 bytes, open cost is considered as scanning 4194304 bytes.
20/07/19 22:44:21 INFO SparkContext: Starting job: csv at <unknown>:0
20/07/19 22:44:21 INFO DAGScheduler: Got job 1 (csv at <unknown>:0) with 1 output partitions
20/07/19 22:44:21 INFO DAGScheduler: Final stage: ResultStage 1 (csv at <unknown>:0)
20/07/19 22:44:21 INFO DAGScheduler: Parents of final stage: List()
20/07/19 22:44:21 INFO DAGScheduler: Missing parents: List()
20/07/19 22:44:21 INFO DAGScheduler: Submitting ResultStage 1 (MapPartitionsRDD[8] at csv at <unknown>:0), which has no missing parents
20/07/19 22:44:21 INFO MemoryStore: Block broadcast_2 stored as values in memory (estimated size 8.8 KB, free 1458.3 MB)
20/07/19 22:44:21 INFO MemoryStore: Block broadcast_2_piece0 stored as bytes in memory (estimated size 4.5 KB, free 1458.3 MB)
20/07/19 22:44:21 INFO BlockManagerInfo: Added broadcast_2_piece0 in memory on 127.0.0.1:54278 (size: 4.5 KB, free: 1458.6 MB)
20/07/19 22:44:21 INFO SparkContext: Created broadcast 2 from broadcast at DAGScheduler.scala:1161
20/07/19 22:44:21 INFO DAGScheduler: Submitting 1 missing tasks from ResultStage 1 (MapPartitionsRDD[8] at csv at <unknown>:0) (first 15 tasks are for partitions Vector(0))
20/07/19 22:44:21 INFO TaskSchedulerImpl: Adding task set 1.0 with 1 tasks
20/07/19 22:44:21 INFO TaskSetManager: Starting task 0.0 in stage 1.0 (TID 1, localhost, executor driver, partition 0, PROCESS_LOCAL, 8338 bytes)
20/07/19 22:44:21 INFO Executor: Running task 0.0 in stage 1.0 (TID 1)
20/07/19 22:44:21 INFO FileScanRDD: Reading File path: file:///C:/Users/ALVARO/Desktop/db_bolivia/bid/bidsample.csv, range: 0-4185887, partition values: [empty row]
20/07/19 22:44:21 INFO CodeGenerator: Code generated in 13.3903 ms
20/07/19 22:44:21 INFO Executor: Finished task 0.0 in stage 1.0 (TID 1). 1458 bytes result sent to driver
20/07/19 22:44:21 INFO TaskSetManager: Finished task 0.0 in stage 1.0 (TID 1) in 80 ms on localhost (executor driver) (1/1)
20/07/19 22:44:21 INFO TaskSchedulerImpl: Removed TaskSet 1.0, whose tasks have all completed, from pool 
20/07/19 22:44:21 INFO DAGScheduler: ResultStage 1 (csv at <unknown>:0) finished in 0,092 s
20/07/19 22:44:21 INFO DAGScheduler: Job 1 finished: csv at <unknown>:0, took 0,100141 s
20/07/19 22:44:21 INFO FileSourceStrategy: Pruning directories with: 
20/07/19 22:44:21 INFO FileSourceStrategy: Post-Scan Filters: 
20/07/19 22:44:21 INFO FileSourceStrategy: Output Data Schema: struct<value: string>
20/07/19 22:44:21 INFO FileSourceScanExec: Pushed Filters: 
20/07/19 22:44:21 INFO CodeGenerator: Code generated in 8.3525 ms
20/07/19 22:44:21 INFO MemoryStore: Block broadcast_3 stored as values in memory (estimated size 286.0 KB, free 1458.0 MB)
20/07/19 22:44:21 INFO MemoryStore: Block broadcast_3_piece0 stored as bytes in memory (estimated size 24.2 KB, free 1458.0 MB)
20/07/19 22:44:21 INFO BlockManagerInfo: Added broadcast_3_piece0 in memory on 127.0.0.1:54278 (size: 24.2 KB, free: 1458.5 MB)
20/07/19 22:44:21 INFO SparkContext: Created broadcast 3 from csv at <unknown>:0
20/07/19 22:44:21 INFO FileSourceScanExec: Planning scan with bin packing, max size: 4194304 bytes, open cost is considered as scanning 4194304 bytes.
20/07/19 22:44:21 INFO SparkContext: Starting job: csv at <unknown>:0
20/07/19 22:44:21 INFO DAGScheduler: Got job 2 (csv at <unknown>:0) with 1 output partitions
20/07/19 22:44:21 INFO DAGScheduler: Final stage: ResultStage 2 (csv at <unknown>:0)
20/07/19 22:44:21 INFO DAGScheduler: Parents of final stage: List()
20/07/19 22:44:21 INFO DAGScheduler: Missing parents: List()
20/07/19 22:44:21 INFO DAGScheduler: Submitting ResultStage 2 (MapPartitionsRDD[13] at csv at <unknown>:0), which has no missing parents
20/07/19 22:44:21 INFO MemoryStore: Block broadcast_4 stored as values in memory (estimated size 13.6 KB, free 1458.0 MB)
20/07/19 22:44:21 INFO ContextCleaner: Cleaned accumulator 26
20/07/19 22:44:21 INFO ContextCleaner: Cleaned accumulator 37
20/07/19 22:44:21 INFO ContextCleaner: Cleaned accumulator 39
20/07/19 22:44:21 INFO ContextCleaner: Cleaned accumulator 46
20/07/19 22:44:21 INFO ContextCleaner: Cleaned accumulator 41
20/07/19 22:44:21 INFO ContextCleaner: Cleaned accumulator 29
20/07/19 22:44:21 INFO ContextCleaner: Cleaned accumulator 51
20/07/19 22:44:21 INFO MemoryStore: Block broadcast_4_piece0 stored as bytes in memory (estimated size 7.3 KB, free 1458.0 MB)
20/07/19 22:44:21 INFO ContextCleaner: Cleaned accumulator 30
20/07/19 22:44:21 INFO ContextCleaner: Cleaned accumulator 31
20/07/19 22:44:21 INFO ContextCleaner: Cleaned accumulator 47
20/07/19 22:44:21 INFO ContextCleaner: Cleaned accumulator 40
20/07/19 22:44:21 INFO ContextCleaner: Cleaned accumulator 33
20/07/19 22:44:21 INFO ContextCleaner: Cleaned accumulator 50
20/07/19 22:44:21 INFO ContextCleaner: Cleaned accumulator 54
20/07/19 22:44:21 INFO ContextCleaner: Cleaned accumulator 56
20/07/19 22:44:21 INFO ContextCleaner: Cleaned accumulator 53
20/07/19 22:44:21 INFO ContextCleaner: Cleaned accumulator 42
20/07/19 22:44:21 INFO ContextCleaner: Cleaned accumulator 44
20/07/19 22:44:21 INFO ContextCleaner: Cleaned accumulator 43
20/07/19 22:44:21 INFO ContextCleaner: Cleaned accumulator 52
20/07/19 22:44:21 INFO ContextCleaner: Cleaned accumulator 45
20/07/19 22:44:21 INFO ContextCleaner: Cleaned accumulator 27
20/07/19 22:44:21 INFO ContextCleaner: Cleaned accumulator 36
20/07/19 22:44:21 INFO ContextCleaner: Cleaned accumulator 28
20/07/19 22:44:21 INFO ContextCleaner: Cleaned accumulator 38
20/07/19 22:44:21 INFO ContextCleaner: Cleaned accumulator 35
20/07/19 22:44:21 INFO ContextCleaner: Cleaned accumulator 48
20/07/19 22:44:21 INFO BlockManagerInfo: Added broadcast_4_piece0 in memory on 127.0.0.1:54278 (size: 7.3 KB, free: 1458.5 MB)
20/07/19 22:44:21 INFO SparkContext: Created broadcast 4 from broadcast at DAGScheduler.scala:1161
20/07/19 22:44:21 INFO DAGScheduler: Submitting 1 missing tasks from ResultStage 2 (MapPartitionsRDD[13] at csv at <unknown>:0) (first 15 tasks are for partitions Vector(0))
20/07/19 22:44:21 INFO TaskSchedulerImpl: Adding task set 2.0 with 1 tasks
20/07/19 22:44:21 INFO TaskSetManager: Starting task 0.0 in stage 2.0 (TID 2, localhost, executor driver, partition 0, PROCESS_LOCAL, 8338 bytes)
20/07/19 22:44:21 INFO Executor: Running task 0.0 in stage 2.0 (TID 2)
20/07/19 22:44:21 INFO BlockManagerInfo: Removed broadcast_1_piece0 on 127.0.0.1:54278 in memory (size: 24.2 KB, free: 1458.6 MB)
20/07/19 22:44:21 INFO BlockManagerInfo: Removed broadcast_2_piece0 on 127.0.0.1:54278 in memory (size: 4.5 KB, free: 1458.6 MB)
20/07/19 22:44:21 INFO ContextCleaner: Cleaned accumulator 49
20/07/19 22:44:21 INFO ContextCleaner: Cleaned accumulator 34
20/07/19 22:44:21 INFO ContextCleaner: Cleaned accumulator 55
20/07/19 22:44:21 INFO ContextCleaner: Cleaned accumulator 32
20/07/19 22:44:21 INFO FileScanRDD: Reading File path: file:///C:/Users/ALVARO/Desktop/db_bolivia/bid/bidsample.csv, range: 0-4185887, partition values: [empty row]
20/07/19 22:44:22 INFO Executor: Finished task 0.0 in stage 2.0 (TID 2). 1760 bytes result sent to driver
20/07/19 22:44:22 INFO TaskSetManager: Finished task 0.0 in stage 2.0 (TID 2) in 307 ms on localhost (executor driver) (1/1)
20/07/19 22:44:22 INFO DAGScheduler: ResultStage 2 (csv at <unknown>:0) finished in 0,334 s
20/07/19 22:44:22 INFO TaskSchedulerImpl: Removed TaskSet 2.0, whose tasks have all completed, from pool 
20/07/19 22:44:22 INFO DAGScheduler: Job 2 finished: csv at <unknown>:0, took 0,339703 s
20/07/19 22:44:22 INFO HiveMetaStore: 0: get_database: default
20/07/19 22:44:22 INFO audit: ugi=ALVARO	ip=unknown-ip-addr	cmd=get_database: default	
20/07/19 22:44:22 INFO HiveMetaStore: 0: get_database: default
20/07/19 22:44:22 INFO audit: ugi=ALVARO	ip=unknown-ip-addr	cmd=get_database: default	
20/07/19 22:44:22 INFO HiveMetaStore: 0: get_tables: db=default pat=*
20/07/19 22:44:22 INFO audit: ugi=ALVARO	ip=unknown-ip-addr	cmd=get_tables: db=default pat=*	
20/07/19 22:44:22 INFO CodeGenerator: Code generated in 11.8583 ms
20/07/19 22:44:22 WARN Utils: Truncated the string representation of a plan since it was too large. This behavior can be adjusted by setting 'spark.debug.maxToStringFields' in SparkEnv.conf.
20/07/19 22:44:22 INFO FileSourceStrategy: Pruning directories with: 
20/07/19 22:44:22 INFO FileSourceStrategy: Post-Scan Filters: 
20/07/19 22:44:22 INFO FileSourceStrategy: Output Data Schema: struct<_c0: int, pais_c: string, anio_c: int, idh_ch: int, zona_c: string ... 28 more fields>
20/07/19 22:44:22 INFO FileSourceScanExec: Pushed Filters: 
20/07/19 22:44:22 INFO CodeGenerator: Code generated in 13.9549 ms
20/07/19 22:44:22 INFO ContextCleaner: Cleaned accumulator 86
20/07/19 22:44:22 INFO ContextCleaner: Cleaned accumulator 72
20/07/19 22:44:22 INFO ContextCleaner: Cleaned accumulator 78
20/07/19 22:44:22 INFO ContextCleaner: Cleaned accumulator 69
20/07/19 22:44:22 INFO ContextCleaner: Cleaned accumulator 75
20/07/19 22:44:22 INFO ContextCleaner: Cleaned accumulator 83
20/07/19 22:44:22 INFO ContextCleaner: Cleaned accumulator 61
20/07/19 22:44:22 INFO ContextCleaner: Cleaned accumulator 62
20/07/19 22:44:22 INFO ContextCleaner: Cleaned accumulator 81
20/07/19 22:44:22 INFO ContextCleaner: Cleaned accumulator 89
20/07/19 22:44:22 INFO ContextCleaner: Cleaned accumulator 74
20/07/19 22:44:22 INFO ContextCleaner: Cleaned accumulator 80
20/07/19 22:44:22 INFO BlockManagerInfo: Removed broadcast_3_piece0 on 127.0.0.1:54278 in memory (size: 24.2 KB, free: 1458.6 MB)
20/07/19 22:44:22 INFO CodeGenerator: Code generated in 21.755 ms
20/07/19 22:44:22 INFO ContextCleaner: Cleaned accumulator 70
20/07/19 22:44:22 INFO ContextCleaner: Cleaned accumulator 85
20/07/19 22:44:22 INFO ContextCleaner: Cleaned accumulator 76
20/07/19 22:44:22 INFO ContextCleaner: Cleaned accumulator 68
20/07/19 22:44:22 INFO ContextCleaner: Cleaned accumulator 71
20/07/19 22:44:22 INFO ContextCleaner: Cleaned accumulator 57
20/07/19 22:44:22 INFO ContextCleaner: Cleaned accumulator 63
20/07/19 22:44:22 INFO ContextCleaner: Cleaned accumulator 60
20/07/19 22:44:22 INFO ContextCleaner: Cleaned accumulator 79
20/07/19 22:44:22 INFO ContextCleaner: Cleaned accumulator 66
20/07/19 22:44:22 INFO ContextCleaner: Cleaned accumulator 82
20/07/19 22:44:22 INFO ContextCleaner: Cleaned accumulator 64
20/07/19 22:44:22 INFO ContextCleaner: Cleaned accumulator 58
20/07/19 22:44:22 INFO ContextCleaner: Cleaned accumulator 65
20/07/19 22:44:22 INFO ContextCleaner: Cleaned accumulator 67
20/07/19 22:44:22 INFO ContextCleaner: Cleaned accumulator 77
20/07/19 22:44:22 INFO ContextCleaner: Cleaned accumulator 87
20/07/19 22:44:22 INFO MemoryStore: Block broadcast_5 stored as values in memory (estimated size 286.0 KB, free 1458.3 MB)
20/07/19 22:44:22 INFO MemoryStore: Block broadcast_5_piece0 stored as bytes in memory (estimated size 24.2 KB, free 1458.3 MB)
20/07/19 22:44:22 INFO BlockManagerInfo: Added broadcast_5_piece0 in memory on 127.0.0.1:54278 (size: 24.2 KB, free: 1458.6 MB)
20/07/19 22:44:22 INFO SparkContext: Created broadcast 5 from sql at <unknown>:0
20/07/19 22:44:22 INFO BlockManagerInfo: Removed broadcast_4_piece0 on 127.0.0.1:54278 in memory (size: 7.3 KB, free: 1458.6 MB)
20/07/19 22:44:22 INFO FileSourceScanExec: Planning scan with bin packing, max size: 4194304 bytes, open cost is considered as scanning 4194304 bytes.
20/07/19 22:44:22 INFO ContextCleaner: Cleaned accumulator 73
20/07/19 22:44:22 INFO ContextCleaner: Cleaned accumulator 59
20/07/19 22:44:22 INFO ContextCleaner: Cleaned accumulator 84
20/07/19 22:44:22 INFO SparkContext: Starting job: sql at <unknown>:0
20/07/19 22:44:22 INFO DAGScheduler: Registering RDD 21 (sql at <unknown>:0)
20/07/19 22:44:22 INFO DAGScheduler: Got job 3 (sql at <unknown>:0) with 1 output partitions
20/07/19 22:44:22 INFO DAGScheduler: Final stage: ResultStage 4 (sql at <unknown>:0)
20/07/19 22:44:22 INFO DAGScheduler: Parents of final stage: List(ShuffleMapStage 3)
20/07/19 22:44:22 INFO DAGScheduler: Missing parents: List(ShuffleMapStage 3)
20/07/19 22:44:22 INFO DAGScheduler: Submitting ShuffleMapStage 3 (MapPartitionsRDD[21] at sql at <unknown>:0), which has no missing parents
20/07/19 22:44:22 INFO MemoryStore: Block broadcast_6 stored as values in memory (estimated size 37.8 KB, free 1458.3 MB)
20/07/19 22:44:22 INFO MemoryStore: Block broadcast_6_piece0 stored as bytes in memory (estimated size 16.2 KB, free 1458.2 MB)
20/07/19 22:44:22 INFO BlockManagerInfo: Added broadcast_6_piece0 in memory on 127.0.0.1:54278 (size: 16.2 KB, free: 1458.6 MB)
20/07/19 22:44:22 INFO SparkContext: Created broadcast 6 from broadcast at DAGScheduler.scala:1161
20/07/19 22:44:22 INFO DAGScheduler: Submitting 1 missing tasks from ShuffleMapStage 3 (MapPartitionsRDD[21] at sql at <unknown>:0) (first 15 tasks are for partitions Vector(0))
20/07/19 22:44:22 INFO TaskSchedulerImpl: Adding task set 3.0 with 1 tasks
20/07/19 22:44:22 INFO TaskSetManager: Starting task 0.0 in stage 3.0 (TID 3, localhost, executor driver, partition 0, PROCESS_LOCAL, 8327 bytes)
20/07/19 22:44:22 INFO Executor: Running task 0.0 in stage 3.0 (TID 3)
20/07/19 22:44:22 INFO FileScanRDD: Reading File path: file:///C:/Users/ALVARO/Desktop/db_bolivia/bid/bidsample.csv, range: 0-4185887, partition values: [empty row]
20/07/19 22:44:22 INFO CodeGenerator: Code generated in 45.7385 ms
20/07/19 22:44:22 WARN CSVDataSource: CSV header does not conform to the schema.
 Header: , pais_c, anio_c, idh_ch, zona_c, factor_ch, sexo_ci, edad_ci, raza_idioma_ci, raza_ci, nmiembros_ch, condocup_ci, cotizando_ci, afiliado_ci, ylm_ci, ylnm_ci, ynlm_ci, ynlnm_ci, ipcm, lp31_ci, aedu_ci, asiste_ci, dis_ci, cobsalud_ci, tipocobsalud_ci, probsalud_ci, distancia_ci, costo_ci, atencion_ci, quintil
 Schema: _c0, pais_c, anio_c, idh_ch, zona_c, factor_ch, sexo_ci, edad_ci, raza_idioma_ci, raza_ci, nmiembros_ch, condocup_ci, cotizando_ci, afiliado_ci, ylm_ci, ylnm_ci, ynlm_ci, ynlnm_ci, ipcm, lp31_ci, aedu_ci, asiste_ci, dis_ci, cobsalud_ci, tipocobsalud_ci, probsalud_ci, distancia_ci, costo_ci, atencion_ci, quintil
Expected: _c0 but found: 
CSV file: file:///C:/Users/ALVARO/Desktop/db_bolivia/bid/bidsample.csv
20/07/19 22:44:24 INFO MemoryStore: Block rdd_16_0 stored as values in memory (estimated size 1541.2 KB, free 1456.7 MB)
20/07/19 22:44:24 INFO BlockManagerInfo: Added rdd_16_0 in memory on 127.0.0.1:54278 (size: 1541.2 KB, free: 1457.1 MB)
20/07/19 22:44:24 INFO CodeGenerator: Code generated in 7.1375 ms
20/07/19 22:44:24 INFO CodeGenerator: Code generated in 20.5368 ms
20/07/19 22:44:24 INFO Executor: Finished task 0.0 in stage 3.0 (TID 3). 1914 bytes result sent to driver
20/07/19 22:44:24 INFO TaskSetManager: Finished task 0.0 in stage 3.0 (TID 3) in 1428 ms on localhost (executor driver) (1/1)
20/07/19 22:44:24 INFO TaskSchedulerImpl: Removed TaskSet 3.0, whose tasks have all completed, from pool 
20/07/19 22:44:24 INFO DAGScheduler: ShuffleMapStage 3 (sql at <unknown>:0) finished in 1,472 s
20/07/19 22:44:24 INFO DAGScheduler: looking for newly runnable stages
20/07/19 22:44:24 INFO DAGScheduler: running: Set()
20/07/19 22:44:24 INFO DAGScheduler: waiting: Set(ResultStage 4)
20/07/19 22:44:24 INFO DAGScheduler: failed: Set()
20/07/19 22:44:24 INFO DAGScheduler: Submitting ResultStage 4 (MapPartitionsRDD[24] at sql at <unknown>:0), which has no missing parents
20/07/19 22:44:24 INFO MemoryStore: Block broadcast_7 stored as values in memory (estimated size 7.1 KB, free 1456.7 MB)
20/07/19 22:44:24 INFO MemoryStore: Block broadcast_7_piece0 stored as bytes in memory (estimated size 3.8 KB, free 1456.7 MB)
20/07/19 22:44:24 INFO BlockManagerInfo: Added broadcast_7_piece0 in memory on 127.0.0.1:54278 (size: 3.8 KB, free: 1457.1 MB)
20/07/19 22:44:24 INFO SparkContext: Created broadcast 7 from broadcast at DAGScheduler.scala:1161
20/07/19 22:44:24 INFO DAGScheduler: Submitting 1 missing tasks from ResultStage 4 (MapPartitionsRDD[24] at sql at <unknown>:0) (first 15 tasks are for partitions Vector(0))
20/07/19 22:44:24 INFO TaskSchedulerImpl: Adding task set 4.0 with 1 tasks
20/07/19 22:44:24 INFO TaskSetManager: Starting task 0.0 in stage 4.0 (TID 4, localhost, executor driver, partition 0, ANY, 7767 bytes)
20/07/19 22:44:24 INFO Executor: Running task 0.0 in stage 4.0 (TID 4)
20/07/19 22:44:24 INFO ShuffleBlockFetcherIterator: Getting 1 non-empty blocks including 1 local blocks and 0 remote blocks
20/07/19 22:44:24 INFO ShuffleBlockFetcherIterator: Started 0 remote fetches in 6 ms
20/07/19 22:44:24 INFO Executor: Finished task 0.0 in stage 4.0 (TID 4). 1782 bytes result sent to driver
20/07/19 22:44:24 INFO TaskSetManager: Finished task 0.0 in stage 4.0 (TID 4) in 42 ms on localhost (executor driver) (1/1)
20/07/19 22:44:24 INFO TaskSchedulerImpl: Removed TaskSet 4.0, whose tasks have all completed, from pool 
20/07/19 22:44:24 INFO DAGScheduler: ResultStage 4 (sql at <unknown>:0) finished in 0,053 s
20/07/19 22:44:24 INFO DAGScheduler: Job 3 finished: sql at <unknown>:0, took 1,558962 s
20/07/19 22:44:24 INFO CodeGenerator: Code generated in 7.7501 ms
20/07/19 22:44:24 INFO SparkContext: Starting job: collect at utils.scala:353
20/07/19 22:44:24 INFO DAGScheduler: Registering RDD 29 (collect at utils.scala:353)
20/07/19 22:44:24 INFO DAGScheduler: Got job 4 (collect at utils.scala:353) with 1 output partitions
20/07/19 22:44:24 INFO DAGScheduler: Final stage: ResultStage 6 (collect at utils.scala:353)
20/07/19 22:44:24 INFO DAGScheduler: Parents of final stage: List(ShuffleMapStage 5)
20/07/19 22:44:24 INFO DAGScheduler: Missing parents: List(ShuffleMapStage 5)
20/07/19 22:44:24 INFO DAGScheduler: Submitting ShuffleMapStage 5 (MapPartitionsRDD[29] at collect at utils.scala:353), which has no missing parents
20/07/19 22:44:24 INFO MemoryStore: Block broadcast_8 stored as values in memory (estimated size 37.8 KB, free 1456.7 MB)
20/07/19 22:44:24 INFO MemoryStore: Block broadcast_8_piece0 stored as bytes in memory (estimated size 16.2 KB, free 1456.7 MB)
20/07/19 22:44:24 INFO BlockManagerInfo: Added broadcast_8_piece0 in memory on 127.0.0.1:54278 (size: 16.2 KB, free: 1457.0 MB)
20/07/19 22:44:24 INFO SparkContext: Created broadcast 8 from broadcast at DAGScheduler.scala:1161
20/07/19 22:44:24 INFO DAGScheduler: Submitting 1 missing tasks from ShuffleMapStage 5 (MapPartitionsRDD[29] at collect at utils.scala:353) (first 15 tasks are for partitions Vector(0))
20/07/19 22:44:24 INFO TaskSchedulerImpl: Adding task set 5.0 with 1 tasks
20/07/19 22:44:24 INFO TaskSetManager: Starting task 0.0 in stage 5.0 (TID 5, localhost, executor driver, partition 0, PROCESS_LOCAL, 8327 bytes)
20/07/19 22:44:24 INFO Executor: Running task 0.0 in stage 5.0 (TID 5)
20/07/19 22:44:24 INFO BlockManager: Found block rdd_16_0 locally
20/07/19 22:44:24 INFO Executor: Finished task 0.0 in stage 5.0 (TID 5). 1828 bytes result sent to driver
20/07/19 22:44:24 INFO TaskSetManager: Finished task 0.0 in stage 5.0 (TID 5) in 26 ms on localhost (executor driver) (1/1)
20/07/19 22:44:24 INFO DAGScheduler: ShuffleMapStage 5 (collect at utils.scala:353) finished in 0,045 s
20/07/19 22:44:24 INFO DAGScheduler: looking for newly runnable stages
20/07/19 22:44:24 INFO DAGScheduler: running: Set()
20/07/19 22:44:24 INFO DAGScheduler: waiting: Set(ResultStage 6)
20/07/19 22:44:24 INFO DAGScheduler: failed: Set()
20/07/19 22:44:24 INFO TaskSchedulerImpl: Removed TaskSet 5.0, whose tasks have all completed, from pool 
20/07/19 22:44:24 INFO DAGScheduler: Submitting ResultStage 6 (MapPartitionsRDD[32] at collect at utils.scala:353), which has no missing parents
20/07/19 22:44:24 INFO MemoryStore: Block broadcast_9 stored as values in memory (estimated size 7.1 KB, free 1456.7 MB)
20/07/19 22:44:24 INFO MemoryStore: Block broadcast_9_piece0 stored as bytes in memory (estimated size 3.8 KB, free 1456.7 MB)
20/07/19 22:44:24 INFO BlockManagerInfo: Added broadcast_9_piece0 in memory on 127.0.0.1:54278 (size: 3.8 KB, free: 1457.0 MB)
20/07/19 22:44:24 INFO SparkContext: Created broadcast 9 from broadcast at DAGScheduler.scala:1161
20/07/19 22:44:24 INFO DAGScheduler: Submitting 1 missing tasks from ResultStage 6 (MapPartitionsRDD[32] at collect at utils.scala:353) (first 15 tasks are for partitions Vector(0))
20/07/19 22:44:24 INFO TaskSchedulerImpl: Adding task set 6.0 with 1 tasks
20/07/19 22:44:24 INFO TaskSetManager: Starting task 0.0 in stage 6.0 (TID 6, localhost, executor driver, partition 0, ANY, 7767 bytes)
20/07/19 22:44:24 INFO Executor: Running task 0.0 in stage 6.0 (TID 6)
20/07/19 22:44:24 INFO ShuffleBlockFetcherIterator: Getting 1 non-empty blocks including 1 local blocks and 0 remote blocks
20/07/19 22:44:24 INFO ShuffleBlockFetcherIterator: Started 0 remote fetches in 1 ms
20/07/19 22:44:24 INFO Executor: Finished task 0.0 in stage 6.0 (TID 6). 1696 bytes result sent to driver
20/07/19 22:44:24 INFO TaskSetManager: Finished task 0.0 in stage 6.0 (TID 6) in 8 ms on localhost (executor driver) (1/1)
20/07/19 22:44:24 INFO TaskSchedulerImpl: Removed TaskSet 6.0, whose tasks have all completed, from pool 
20/07/19 22:44:24 INFO DAGScheduler: ResultStage 6 (collect at utils.scala:353) finished in 0,016 s
20/07/19 22:44:24 INFO DAGScheduler: Job 4 finished: collect at utils.scala:353, took 0,067238 s
20/07/19 22:44:25 INFO CodeGenerator: Code generated in 10.8167 ms
20/07/19 22:44:25 INFO CodeGenerator: Code generated in 43.9006 ms
20/07/19 22:44:25 INFO CodeGenerator: Code generated in 71.6159 ms
20/07/19 22:44:25 INFO SparkContext: Starting job: collect at utils.scala:353
20/07/19 22:44:25 INFO DAGScheduler: Registering RDD 37 (collect at utils.scala:353)
20/07/19 22:44:25 INFO DAGScheduler: Got job 5 (collect at utils.scala:353) with 4 output partitions
20/07/19 22:44:25 INFO DAGScheduler: Final stage: ResultStage 8 (collect at utils.scala:353)
20/07/19 22:44:25 INFO DAGScheduler: Parents of final stage: List(ShuffleMapStage 7)
20/07/19 22:44:25 INFO DAGScheduler: Missing parents: List(ShuffleMapStage 7)
20/07/19 22:44:25 INFO DAGScheduler: Submitting ShuffleMapStage 7 (MapPartitionsRDD[37] at collect at utils.scala:353), which has no missing parents
20/07/19 22:44:25 INFO MemoryStore: Block broadcast_10 stored as values in memory (estimated size 63.1 KB, free 1456.6 MB)
20/07/19 22:44:25 INFO MemoryStore: Block broadcast_10_piece0 stored as bytes in memory (estimated size 25.6 KB, free 1456.6 MB)
20/07/19 22:44:25 INFO BlockManagerInfo: Added broadcast_10_piece0 in memory on 127.0.0.1:54278 (size: 25.6 KB, free: 1457.0 MB)
20/07/19 22:44:25 INFO SparkContext: Created broadcast 10 from broadcast at DAGScheduler.scala:1161
20/07/19 22:44:25 INFO DAGScheduler: Submitting 1 missing tasks from ShuffleMapStage 7 (MapPartitionsRDD[37] at collect at utils.scala:353) (first 15 tasks are for partitions Vector(0))
20/07/19 22:44:25 INFO TaskSchedulerImpl: Adding task set 7.0 with 1 tasks
20/07/19 22:44:25 INFO TaskSetManager: Starting task 0.0 in stage 7.0 (TID 7, localhost, executor driver, partition 0, PROCESS_LOCAL, 8327 bytes)
20/07/19 22:44:25 INFO Executor: Running task 0.0 in stage 7.0 (TID 7)
20/07/19 22:44:25 INFO BlockManager: Found block rdd_16_0 locally
20/07/19 22:44:25 INFO InMemoryTableScanExec: Predicate isnotnull(edad_ci#25) generates partition filter: ((edad_ci.count#758 - edad_ci.nullCount#757) > 0)
20/07/19 22:44:25 INFO CodeGenerator: Code generated in 6.1849 ms
20/07/19 22:44:25 INFO CodeGenerator: Code generated in 26.3908 ms
20/07/19 22:44:25 INFO CodeGenerator: Code generated in 8.4741 ms
20/07/19 22:44:25 INFO CodeGenerator: Code generated in 9.4771 ms
20/07/19 22:44:25 INFO CodeGenerator: Code generated in 9.2502 ms
20/07/19 22:44:25 INFO CodeGenerator: Code generated in 18.1242 ms
20/07/19 22:44:25 INFO Executor: Finished task 0.0 in stage 7.0 (TID 7). 2259 bytes result sent to driver
20/07/19 22:44:25 INFO TaskSetManager: Finished task 0.0 in stage 7.0 (TID 7) in 274 ms on localhost (executor driver) (1/1)
20/07/19 22:44:25 INFO DAGScheduler: ShuffleMapStage 7 (collect at utils.scala:353) finished in 0,286 s
20/07/19 22:44:25 INFO DAGScheduler: looking for newly runnable stages
20/07/19 22:44:25 INFO DAGScheduler: running: Set()
20/07/19 22:44:25 INFO DAGScheduler: waiting: Set(ResultStage 8)
20/07/19 22:44:25 INFO DAGScheduler: failed: Set()
20/07/19 22:44:25 INFO DAGScheduler: Submitting ResultStage 8 (MapPartitionsRDD[40] at collect at utils.scala:353), which has no missing parents
20/07/19 22:44:25 INFO TaskSchedulerImpl: Removed TaskSet 7.0, whose tasks have all completed, from pool 
20/07/19 22:44:25 INFO MemoryStore: Block broadcast_11 stored as values in memory (estimated size 55.0 KB, free 1456.5 MB)
20/07/19 22:44:25 INFO ContextCleaner: Cleaned accumulator 148
20/07/19 22:44:25 INFO ContextCleaner: Cleaned accumulator 217
20/07/19 22:44:25 INFO ContextCleaner: Cleaned accumulator 97
20/07/19 22:44:25 INFO MemoryStore: Block broadcast_11_piece0 stored as bytes in memory (estimated size 22.8 KB, free 1456.5 MB)
20/07/19 22:44:25 INFO BlockManagerInfo: Added broadcast_11_piece0 in memory on 127.0.0.1:54278 (size: 22.8 KB, free: 1457.0 MB)
20/07/19 22:44:25 INFO SparkContext: Created broadcast 11 from broadcast at DAGScheduler.scala:1161
20/07/19 22:44:25 INFO DAGScheduler: Submitting 4 missing tasks from ResultStage 8 (MapPartitionsRDD[40] at collect at utils.scala:353) (first 15 tasks are for partitions Vector(0, 1, 2, 3))
20/07/19 22:44:25 INFO TaskSchedulerImpl: Adding task set 8.0 with 4 tasks
20/07/19 22:44:25 INFO TaskSetManager: Starting task 0.0 in stage 8.0 (TID 8, localhost, executor driver, partition 0, ANY, 7767 bytes)
20/07/19 22:44:25 INFO TaskSetManager: Starting task 1.0 in stage 8.0 (TID 9, localhost, executor driver, partition 1, ANY, 7767 bytes)
20/07/19 22:44:25 INFO TaskSetManager: Starting task 2.0 in stage 8.0 (TID 10, localhost, executor driver, partition 2, ANY, 7767 bytes)
20/07/19 22:44:25 INFO TaskSetManager: Starting task 3.0 in stage 8.0 (TID 11, localhost, executor driver, partition 3, ANY, 7767 bytes)
20/07/19 22:44:25 INFO ContextCleaner: Cleaned shuffle 1
20/07/19 22:44:25 INFO ContextCleaner: Cleaned accumulator 152
20/07/19 22:44:25 INFO ContextCleaner: Cleaned accumulator 220
20/07/19 22:44:25 INFO ContextCleaner: Cleaned accumulator 170
20/07/19 22:44:25 INFO Executor: Running task 0.0 in stage 8.0 (TID 8)
20/07/19 22:44:25 INFO ContextCleaner: Cleaned shuffle 0
20/07/19 22:44:25 INFO ContextCleaner: Cleaned accumulator 119
20/07/19 22:44:25 INFO ContextCleaner: Cleaned accumulator 145
20/07/19 22:44:25 INFO ContextCleaner: Cleaned accumulator 96
20/07/19 22:44:25 INFO ContextCleaner: Cleaned accumulator 213
20/07/19 22:44:25 INFO ContextCleaner: Cleaned accumulator 104
20/07/19 22:44:25 INFO ContextCleaner: Cleaned accumulator 99
20/07/19 22:44:25 INFO ContextCleaner: Cleaned accumulator 123
20/07/19 22:44:25 INFO ContextCleaner: Cleaned accumulator 149
20/07/19 22:44:25 INFO ContextCleaner: Cleaned accumulator 183
20/07/19 22:44:25 INFO ContextCleaner: Cleaned accumulator 160
20/07/19 22:44:25 INFO ContextCleaner: Cleaned accumulator 91
20/07/19 22:44:25 INFO ContextCleaner: Cleaned accumulator 113
20/07/19 22:44:25 INFO ContextCleaner: Cleaned accumulator 90
20/07/19 22:44:25 INFO ContextCleaner: Cleaned accumulator 141
20/07/19 22:44:25 INFO ContextCleaner: Cleaned accumulator 116
20/07/19 22:44:25 INFO ContextCleaner: Cleaned accumulator 203
20/07/19 22:44:25 INFO ContextCleaner: Cleaned accumulator 103
20/07/19 22:44:25 INFO ContextCleaner: Cleaned accumulator 178
20/07/19 22:44:25 INFO ContextCleaner: Cleaned accumulator 111
20/07/19 22:44:25 INFO ContextCleaner: Cleaned accumulator 124
20/07/19 22:44:25 INFO ContextCleaner: Cleaned accumulator 200
20/07/19 22:44:25 INFO ContextCleaner: Cleaned accumulator 127
20/07/19 22:44:25 INFO ContextCleaner: Cleaned accumulator 219
20/07/19 22:44:25 INFO ContextCleaner: Cleaned accumulator 222
20/07/19 22:44:25 INFO ContextCleaner: Cleaned accumulator 211
20/07/19 22:44:25 INFO ContextCleaner: Cleaned accumulator 133
20/07/19 22:44:25 INFO ContextCleaner: Cleaned accumulator 172
20/07/19 22:44:25 INFO ContextCleaner: Cleaned accumulator 212
20/07/19 22:44:25 INFO ContextCleaner: Cleaned accumulator 194
20/07/19 22:44:25 INFO ContextCleaner: Cleaned accumulator 201
20/07/19 22:44:25 INFO ContextCleaner: Cleaned accumulator 206
20/07/19 22:44:25 INFO ContextCleaner: Cleaned accumulator 117
20/07/19 22:44:25 INFO ContextCleaner: Cleaned accumulator 180
20/07/19 22:44:25 INFO ContextCleaner: Cleaned accumulator 162
20/07/19 22:44:25 INFO ContextCleaner: Cleaned accumulator 151
20/07/19 22:44:25 INFO ContextCleaner: Cleaned accumulator 198
20/07/19 22:44:25 INFO ContextCleaner: Cleaned accumulator 171
20/07/19 22:44:25 INFO ContextCleaner: Cleaned accumulator 98
20/07/19 22:44:25 INFO ContextCleaner: Cleaned accumulator 140
20/07/19 22:44:25 INFO ContextCleaner: Cleaned accumulator 191
20/07/19 22:44:25 INFO ContextCleaner: Cleaned accumulator 92
20/07/19 22:44:25 INFO ContextCleaner: Cleaned accumulator 139
20/07/19 22:44:25 INFO ContextCleaner: Cleaned accumulator 134
20/07/19 22:44:25 INFO ContextCleaner: Cleaned accumulator 131
20/07/19 22:44:25 INFO ContextCleaner: Cleaned accumulator 205
20/07/19 22:44:25 INFO ContextCleaner: Cleaned accumulator 166
20/07/19 22:44:25 INFO ContextCleaner: Cleaned accumulator 163
20/07/19 22:44:25 INFO ContextCleaner: Cleaned accumulator 226
20/07/19 22:44:25 INFO ContextCleaner: Cleaned accumulator 188
20/07/19 22:44:25 INFO ContextCleaner: Cleaned accumulator 130
20/07/19 22:44:25 INFO ContextCleaner: Cleaned accumulator 114
20/07/19 22:44:25 INFO ContextCleaner: Cleaned accumulator 110
20/07/19 22:44:25 INFO ContextCleaner: Cleaned accumulator 138
20/07/19 22:44:25 INFO ContextCleaner: Cleaned accumulator 144
20/07/19 22:44:25 INFO ContextCleaner: Cleaned accumulator 155
20/07/19 22:44:25 INFO ContextCleaner: Cleaned accumulator 195
20/07/19 22:44:25 INFO ContextCleaner: Cleaned accumulator 147
20/07/19 22:44:25 INFO ContextCleaner: Cleaned accumulator 115
20/07/19 22:44:25 INFO ContextCleaner: Cleaned accumulator 223
20/07/19 22:44:25 INFO Executor: Running task 1.0 in stage 8.0 (TID 9)
20/07/19 22:44:25 INFO BlockManagerInfo: Removed broadcast_9_piece0 on 127.0.0.1:54278 in memory (size: 3.8 KB, free: 1457.0 MB)
20/07/19 22:44:25 INFO Executor: Running task 2.0 in stage 8.0 (TID 10)
20/07/19 22:44:25 INFO Executor: Running task 3.0 in stage 8.0 (TID 11)
20/07/19 22:44:25 INFO ShuffleBlockFetcherIterator: Getting 1 non-empty blocks including 1 local blocks and 0 remote blocks
20/07/19 22:44:25 INFO ShuffleBlockFetcherIterator: Started 0 remote fetches in 1 ms
20/07/19 22:44:25 INFO ContextCleaner: Cleaned accumulator 118
20/07/19 22:44:25 INFO ContextCleaner: Cleaned accumulator 122
20/07/19 22:44:25 INFO ContextCleaner: Cleaned accumulator 175
20/07/19 22:44:25 INFO ContextCleaner: Cleaned accumulator 126
20/07/19 22:44:25 INFO ContextCleaner: Cleaned accumulator 218
20/07/19 22:44:25 INFO ContextCleaner: Cleaned accumulator 189
20/07/19 22:44:25 INFO ContextCleaner: Cleaned accumulator 193
20/07/19 22:44:25 INFO ContextCleaner: Cleaned accumulator 136
20/07/19 22:44:25 INFO ContextCleaner: Cleaned accumulator 182
20/07/19 22:44:25 INFO ContextCleaner: Cleaned accumulator 153
20/07/19 22:44:25 INFO ContextCleaner: Cleaned accumulator 143
20/07/19 22:44:25 INFO ContextCleaner: Cleaned accumulator 112
20/07/19 22:44:25 INFO ContextCleaner: Cleaned accumulator 164
20/07/19 22:44:25 INFO ContextCleaner: Cleaned accumulator 102
20/07/19 22:44:25 INFO ContextCleaner: Cleaned accumulator 216
20/07/19 22:44:25 INFO ShuffleBlockFetcherIterator: Getting 1 non-empty blocks including 1 local blocks and 0 remote blocks
20/07/19 22:44:25 INFO ShuffleBlockFetcherIterator: Started 0 remote fetches in 0 ms
20/07/19 22:44:25 INFO ShuffleBlockFetcherIterator: Getting 1 non-empty blocks including 1 local blocks and 0 remote blocks
20/07/19 22:44:25 INFO ShuffleBlockFetcherIterator: Started 0 remote fetches in 24 ms
20/07/19 22:44:25 INFO Executor: Finished task 0.0 in stage 8.0 (TID 8). 4423 bytes result sent to driver
20/07/19 22:44:25 INFO ShuffleBlockFetcherIterator: Getting 1 non-empty blocks including 1 local blocks and 0 remote blocks
20/07/19 22:44:25 INFO ShuffleBlockFetcherIterator: Started 0 remote fetches in 1 ms
20/07/19 22:44:25 INFO BlockManagerInfo: Removed broadcast_7_piece0 on 127.0.0.1:54278 in memory (size: 3.8 KB, free: 1457.0 MB)
20/07/19 22:44:25 INFO Executor: Finished task 2.0 in stage 8.0 (TID 10). 4307 bytes result sent to driver
20/07/19 22:44:25 INFO TaskSetManager: Finished task 0.0 in stage 8.0 (TID 8) in 96 ms on localhost (executor driver) (1/4)
20/07/19 22:44:25 INFO TaskSetManager: Finished task 2.0 in stage 8.0 (TID 10) in 97 ms on localhost (executor driver) (2/4)
20/07/19 22:44:25 INFO Executor: Finished task 1.0 in stage 8.0 (TID 9). 4508 bytes result sent to driver
20/07/19 22:44:25 INFO TaskSetManager: Finished task 1.0 in stage 8.0 (TID 9) in 99 ms on localhost (executor driver) (3/4)
20/07/19 22:44:25 INFO Executor: Finished task 3.0 in stage 8.0 (TID 11). 4305 bytes result sent to driver
20/07/19 22:44:25 INFO TaskSetManager: Finished task 3.0 in stage 8.0 (TID 11) in 101 ms on localhost (executor driver) (4/4)
20/07/19 22:44:25 INFO DAGScheduler: ResultStage 8 (collect at utils.scala:353) finished in 0,127 s
20/07/19 22:44:25 INFO DAGScheduler: Job 5 finished: collect at utils.scala:353, took 0,418452 s
20/07/19 22:44:25 INFO TaskSchedulerImpl: Removed TaskSet 8.0, whose tasks have all completed, from pool 
20/07/19 22:44:25 INFO ContextCleaner: Cleaned accumulator 93
20/07/19 22:44:25 INFO ContextCleaner: Cleaned accumulator 129
20/07/19 22:44:25 INFO ContextCleaner: Cleaned accumulator 177
20/07/19 22:44:25 INFO ContextCleaner: Cleaned accumulator 215
20/07/19 22:44:25 INFO ContextCleaner: Cleaned accumulator 95
20/07/19 22:44:25 INFO ContextCleaner: Cleaned accumulator 225
20/07/19 22:44:25 INFO ContextCleaner: Cleaned accumulator 224
20/07/19 22:44:25 INFO ContextCleaner: Cleaned accumulator 167
20/07/19 22:44:25 INFO ContextCleaner: Cleaned accumulator 168
20/07/19 22:44:25 INFO ContextCleaner: Cleaned accumulator 208
20/07/19 22:44:25 INFO ContextCleaner: Cleaned accumulator 94
20/07/19 22:44:25 INFO ContextCleaner: Cleaned accumulator 196
20/07/19 22:44:25 INFO ContextCleaner: Cleaned accumulator 187
20/07/19 22:44:25 INFO ContextCleaner: Cleaned accumulator 159
20/07/19 22:44:25 INFO ContextCleaner: Cleaned accumulator 169
20/07/19 22:44:25 INFO ContextCleaner: Cleaned accumulator 142
20/07/19 22:44:25 INFO ContextCleaner: Cleaned accumulator 100
20/07/19 22:44:25 INFO ContextCleaner: Cleaned accumulator 161
20/07/19 22:44:25 INFO ContextCleaner: Cleaned accumulator 184
20/07/19 22:44:25 INFO ContextCleaner: Cleaned accumulator 150
20/07/19 22:44:25 INFO ContextCleaner: Cleaned accumulator 174
20/07/19 22:44:25 INFO ContextCleaner: Cleaned accumulator 209
20/07/19 22:44:25 INFO ContextCleaner: Cleaned accumulator 120
20/07/19 22:44:25 INFO ContextCleaner: Cleaned accumulator 154
20/07/19 22:44:25 INFO ContextCleaner: Cleaned accumulator 202
20/07/19 22:44:25 INFO ContextCleaner: Cleaned accumulator 181
20/07/19 22:44:25 INFO ContextCleaner: Cleaned accumulator 192
20/07/19 22:44:25 INFO ContextCleaner: Cleaned accumulator 214
20/07/19 22:44:25 INFO ContextCleaner: Cleaned accumulator 146
20/07/19 22:44:25 INFO ContextCleaner: Cleaned accumulator 176
20/07/19 22:44:25 INFO ContextCleaner: Cleaned accumulator 137
20/07/19 22:44:25 INFO ContextCleaner: Cleaned accumulator 186
20/07/19 22:44:25 INFO ContextCleaner: Cleaned accumulator 197
20/07/19 22:44:25 INFO ContextCleaner: Cleaned accumulator 135
20/07/19 22:44:25 INFO ContextCleaner: Cleaned accumulator 121
20/07/19 22:44:25 INFO ContextCleaner: Cleaned accumulator 165
20/07/19 22:44:25 INFO ContextCleaner: Cleaned accumulator 128
20/07/19 22:44:25 INFO BlockManagerInfo: Removed broadcast_6_piece0 on 127.0.0.1:54278 in memory (size: 16.2 KB, free: 1457.0 MB)
20/07/19 22:44:25 INFO ContextCleaner: Cleaned accumulator 101
20/07/19 22:44:25 INFO ContextCleaner: Cleaned accumulator 179
20/07/19 22:44:25 INFO ContextCleaner: Cleaned accumulator 158
20/07/19 22:44:25 INFO ContextCleaner: Cleaned accumulator 125
20/07/19 22:44:25 INFO ContextCleaner: Cleaned accumulator 210
20/07/19 22:44:25 INFO ContextCleaner: Cleaned accumulator 173
20/07/19 22:44:25 INFO ContextCleaner: Cleaned accumulator 185
20/07/19 22:44:25 INFO ContextCleaner: Cleaned accumulator 156
20/07/19 22:44:25 INFO ContextCleaner: Cleaned accumulator 157
20/07/19 22:44:25 INFO ContextCleaner: Cleaned accumulator 132
20/07/19 22:44:25 INFO ContextCleaner: Cleaned accumulator 190
20/07/19 22:44:25 INFO ContextCleaner: Cleaned accumulator 207
20/07/19 22:44:25 INFO ContextCleaner: Cleaned accumulator 221
20/07/19 22:44:25 INFO BlockManagerInfo: Removed broadcast_8_piece0 on 127.0.0.1:54278 in memory (size: 16.2 KB, free: 1457.0 MB)
20/07/19 22:44:25 INFO ContextCleaner: Cleaned accumulator 204
20/07/19 22:44:25 INFO ContextCleaner: Cleaned accumulator 199
20/07/19 22:44:26 INFO SparkContext: Invoking stop() from shutdown hook
20/07/19 22:44:26 INFO SparkUI: Stopped Spark web UI at http://127.0.0.1:4040
20/07/19 22:44:26 INFO MapOutputTrackerMasterEndpoint: MapOutputTrackerMasterEndpoint stopped!
20/07/19 22:44:26 INFO MemoryStore: MemoryStore cleared
20/07/19 22:44:26 INFO BlockManager: BlockManager stopped
20/07/19 22:44:26 INFO BlockManagerMaster: BlockManagerMaster stopped
20/07/19 22:44:26 INFO OutputCommitCoordinator$OutputCommitCoordinatorEndpoint: OutputCommitCoordinator stopped!
20/07/19 22:44:26 WARN SparkEnv: Exception while deleting Spark temp dir: C:\Users\ALVARO\AppData\Local\spark\spark-2.4.3-bin-hadoop2.7\tmp\local\spark-2d336410-dc1f-4671-afb7-44d082c50c2d\userFiles-27b29fa1-3c53-4035-9a2a-d576d77347e2
java.io.IOException: Failed to delete: C:\Users\ALVARO\AppData\Local\spark\spark-2.4.3-bin-hadoop2.7\tmp\local\spark-2d336410-dc1f-4671-afb7-44d082c50c2d\userFiles-27b29fa1-3c53-4035-9a2a-d576d77347e2\sparklyr-2.4-2.11.jar
	at org.apache.spark.network.util.JavaUtils.deleteRecursivelyUsingJavaIO(JavaUtils.java:144)
	at org.apache.spark.network.util.JavaUtils.deleteRecursively(JavaUtils.java:118)
	at org.apache.spark.network.util.JavaUtils.deleteRecursivelyUsingJavaIO(JavaUtils.java:128)
	at org.apache.spark.network.util.JavaUtils.deleteRecursively(JavaUtils.java:118)
	at org.apache.spark.network.util.JavaUtils.deleteRecursively(JavaUtils.java:91)
	at org.apache.spark.util.Utils$.deleteRecursively(Utils.scala:1062)
	at org.apache.spark.SparkEnv.stop(SparkEnv.scala:103)
	at org.apache.spark.SparkContext$$anonfun$stop$11.apply$mcV$sp(SparkContext.scala:1974)
	at org.apache.spark.util.Utils$.tryLogNonFatalError(Utils.scala:1340)
	at org.apache.spark.SparkContext.stop(SparkContext.scala:1973)
	at org.apache.spark.SparkContext$$anonfun$2.apply$mcV$sp(SparkContext.scala:575)
	at org.apache.spark.util.SparkShutdownHook.run(ShutdownHookManager.scala:216)
	at org.apache.spark.util.SparkShutdownHookManager$$anonfun$runAll$1$$anonfun$apply$mcV$sp$1.apply$mcV$sp(ShutdownHookManager.scala:188)
	at org.apache.spark.util.SparkShutdownHookManager$$anonfun$runAll$1$$anonfun$apply$mcV$sp$1.apply(ShutdownHookManager.scala:188)
	at org.apache.spark.util.SparkShutdownHookManager$$anonfun$runAll$1$$anonfun$apply$mcV$sp$1.apply(ShutdownHookManager.scala:188)
	at org.apache.spark.util.Utils$.logUncaughtExceptions(Utils.scala:1945)
	at org.apache.spark.util.SparkShutdownHookManager$$anonfun$runAll$1.apply$mcV$sp(ShutdownHookManager.scala:188)
	at org.apache.spark.util.SparkShutdownHookManager$$anonfun$runAll$1.apply(ShutdownHookManager.scala:188)
	at org.apache.spark.util.SparkShutdownHookManager$$anonfun$runAll$1.apply(ShutdownHookManager.scala:188)
	at scala.util.Try$.apply(Try.scala:192)
	at org.apache.spark.util.SparkShutdownHookManager.runAll(ShutdownHookManager.scala:188)
	at org.apache.spark.util.SparkShutdownHookManager$$anon$2.run(ShutdownHookManager.scala:178)
	at org.apache.hadoop.util.ShutdownHookManager$1.run(ShutdownHookManager.java:54)
20/07/19 22:44:26 INFO SparkContext: Successfully stopped SparkContext
20/07/19 22:44:26 INFO ShutdownHookManager: Shutdown hook called
20/07/19 22:44:26 INFO ShutdownHookManager: Deleting directory C:\Users\ALVARO\AppData\Local\spark\spark-2.4.3-bin-hadoop2.7\tmp\local\spark-2d336410-dc1f-4671-afb7-44d082c50c2d\userFiles-27b29fa1-3c53-4035-9a2a-d576d77347e2
20/07/19 22:44:26 ERROR ShutdownHookManager: Exception while deleting Spark temp dir: C:\Users\ALVARO\AppData\Local\spark\spark-2.4.3-bin-hadoop2.7\tmp\local\spark-2d336410-dc1f-4671-afb7-44d082c50c2d\userFiles-27b29fa1-3c53-4035-9a2a-d576d77347e2
java.io.IOException: Failed to delete: C:\Users\ALVARO\AppData\Local\spark\spark-2.4.3-bin-hadoop2.7\tmp\local\spark-2d336410-dc1f-4671-afb7-44d082c50c2d\userFiles-27b29fa1-3c53-4035-9a2a-d576d77347e2\sparklyr-2.4-2.11.jar
	at org.apache.spark.network.util.JavaUtils.deleteRecursivelyUsingJavaIO(JavaUtils.java:144)
	at org.apache.spark.network.util.JavaUtils.deleteRecursively(JavaUtils.java:118)
	at org.apache.spark.network.util.JavaUtils.deleteRecursivelyUsingJavaIO(JavaUtils.java:128)
	at org.apache.spark.network.util.JavaUtils.deleteRecursively(JavaUtils.java:118)
	at org.apache.spark.network.util.JavaUtils.deleteRecursively(JavaUtils.java:91)
	at org.apache.spark.util.Utils$.deleteRecursively(Utils.scala:1062)
	at org.apache.spark.util.ShutdownHookManager$$anonfun$1$$anonfun$apply$mcV$sp$3.apply(ShutdownHookManager.scala:65)
	at org.apache.spark.util.ShutdownHookManager$$anonfun$1$$anonfun$apply$mcV$sp$3.apply(ShutdownHookManager.scala:62)
	at scala.collection.IndexedSeqOptimized$class.foreach(IndexedSeqOptimized.scala:33)
	at scala.collection.mutable.ArrayOps$ofRef.foreach(ArrayOps.scala:186)
	at org.apache.spark.util.ShutdownHookManager$$anonfun$1.apply$mcV$sp(ShutdownHookManager.scala:62)
	at org.apache.spark.util.SparkShutdownHook.run(ShutdownHookManager.scala:216)
	at org.apache.spark.util.SparkShutdownHookManager$$anonfun$runAll$1$$anonfun$apply$mcV$sp$1.apply$mcV$sp(ShutdownHookManager.scala:188)
	at org.apache.spark.util.SparkShutdownHookManager$$anonfun$runAll$1$$anonfun$apply$mcV$sp$1.apply(ShutdownHookManager.scala:188)
	at org.apache.spark.util.SparkShutdownHookManager$$anonfun$runAll$1$$anonfun$apply$mcV$sp$1.apply(ShutdownHookManager.scala:188)
	at org.apache.spark.util.Utils$.logUncaughtExceptions(Utils.scala:1945)
	at org.apache.spark.util.SparkShutdownHookManager$$anonfun$runAll$1.apply$mcV$sp(ShutdownHookManager.scala:188)
	at org.apache.spark.util.SparkShutdownHookManager$$anonfun$runAll$1.apply(ShutdownHookManager.scala:188)
	at org.apache.spark.util.SparkShutdownHookManager$$anonfun$runAll$1.apply(ShutdownHookManager.scala:188)
	at scala.util.Try$.apply(Try.scala:192)
	at org.apache.spark.util.SparkShutdownHookManager.runAll(ShutdownHookManager.scala:188)
	at org.apache.spark.util.SparkShutdownHookManager$$anon$2.run(ShutdownHookManager.scala:178)
	at org.apache.hadoop.util.ShutdownHookManager$1.run(ShutdownHookManager.java:54)
20/07/19 22:44:26 INFO ShutdownHookManager: Deleting directory C:\Users\ALVARO\AppData\Local\Temp\spark-ac64d67a-f4d6-4a70-a875-fa4377b7a977
20/07/19 22:44:26 INFO ShutdownHookManager: Deleting directory C:\Users\ALVARO\AppData\Local\spark\spark-2.4.3-bin-hadoop2.7\tmp\local\spark-2d336410-dc1f-4671-afb7-44d082c50c2d
20/07/19 22:44:26 ERROR ShutdownHookManager: Exception while deleting Spark temp dir: C:\Users\ALVARO\AppData\Local\spark\spark-2.4.3-bin-hadoop2.7\tmp\local\spark-2d336410-dc1f-4671-afb7-44d082c50c2d
java.io.IOException: Failed to delete: C:\Users\ALVARO\AppData\Local\spark\spark-2.4.3-bin-hadoop2.7\tmp\local\spark-2d336410-dc1f-4671-afb7-44d082c50c2d\userFiles-27b29fa1-3c53-4035-9a2a-d576d77347e2\sparklyr-2.4-2.11.jar
	at org.apache.spark.network.util.JavaUtils.deleteRecursivelyUsingJavaIO(JavaUtils.java:144)
	at org.apache.spark.network.util.JavaUtils.deleteRecursively(JavaUtils.java:118)
	at org.apache.spark.network.util.JavaUtils.deleteRecursivelyUsingJavaIO(JavaUtils.java:128)
	at org.apache.spark.network.util.JavaUtils.deleteRecursively(JavaUtils.java:118)
	at org.apache.spark.network.util.JavaUtils.deleteRecursivelyUsingJavaIO(JavaUtils.java:128)
	at org.apache.spark.network.util.JavaUtils.deleteRecursively(JavaUtils.java:118)
	at org.apache.spark.network.util.JavaUtils.deleteRecursively(JavaUtils.java:91)
	at org.apache.spark.util.Utils$.deleteRecursively(Utils.scala:1062)
	at org.apache.spark.util.ShutdownHookManager$$anonfun$1$$anonfun$apply$mcV$sp$3.apply(ShutdownHookManager.scala:65)
	at org.apache.spark.util.ShutdownHookManager$$anonfun$1$$anonfun$apply$mcV$sp$3.apply(ShutdownHookManager.scala:62)
	at scala.collection.IndexedSeqOptimized$class.foreach(IndexedSeqOptimized.scala:33)
	at scala.collection.mutable.ArrayOps$ofRef.foreach(ArrayOps.scala:186)
	at org.apache.spark.util.ShutdownHookManager$$anonfun$1.apply$mcV$sp(ShutdownHookManager.scala:62)
	at org.apache.spark.util.SparkShutdownHook.run(ShutdownHookManager.scala:216)
	at org.apache.spark.util.SparkShutdownHookManager$$anonfun$runAll$1$$anonfun$apply$mcV$sp$1.apply$mcV$sp(ShutdownHookManager.scala:188)
	at org.apache.spark.util.SparkShutdownHookManager$$anonfun$runAll$1$$anonfun$apply$mcV$sp$1.apply(ShutdownHookManager.scala:188)
	at org.apache.spark.util.SparkShutdownHookManager$$anonfun$runAll$1$$anonfun$apply$mcV$sp$1.apply(ShutdownHookManager.scala:188)
	at org.apache.spark.util.Utils$.logUncaughtExceptions(Utils.scala:1945)
	at org.apache.spark.util.SparkShutdownHookManager$$anonfun$runAll$1.apply$mcV$sp(ShutdownHookManager.scala:188)
	at org.apache.spark.util.SparkShutdownHookManager$$anonfun$runAll$1.apply(ShutdownHookManager.scala:188)
	at org.apache.spark.util.SparkShutdownHookManager$$anonfun$runAll$1.apply(ShutdownHookManager.scala:188)
	at scala.util.Try$.apply(Try.scala:192)
	at org.apache.spark.util.SparkShutdownHookManager.runAll(ShutdownHookManager.scala:188)
	at org.apache.spark.util.SparkShutdownHookManager$$anon$2.run(ShutdownHookManager.scala:178)
	at org.apache.hadoop.util.ShutdownHookManager$1.run(ShutdownHookManager.java:54)
